2016-12-17 16:27:49,454 [WARN ][Thread-2        ][             Service] - Текст в C:\Main\Task\тест2.txt содержит не уникальные слова или не соответсвует принятому шаблону
2016-12-17 16:28:09,161 [WARN ][Thread-0        ][             Service] - Текст в https://yandex.ru/maps/ содержит не уникальные слова или не соответсвует принятому шаблону
2016-12-17 16:28:19,938 [WARN ][Thread-3        ][             Service] - Текст в C:\Main\Task\тест3.txt содержит не уникальные слова или не соответсвует принятому шаблону
2016-12-17 16:29:56,775 [Thread-3        ][             Service] - Текст в C:\Main\Task\тест3.txt содержит не уникальные слова или не соответсвует принятому шаблону
2016-12-17 16:31:07,756 [INFO ][main            ][             Service] - Программа заверишла проверку
2016-12-17 16:31:07,776 [WARN ][Thread-2        ][             Service] - Текст в C:\Main\Task\тест2.txt содержит не уникальные слова или не соответсвует принятому шаблону
2016-12-17 16:32:33,745 [INFO ][main            ][             Service] - РџСЂРѕРіСЂР°РјРјР° Р·Р°РІРµСЂРёС€Р»Р° РїСЂРѕРІРµСЂРєСѓ
2016-12-17 16:32:42,924 [INFO ][main            ][             Service] - РџСЂРѕРіСЂР°РјРјР° Р·Р°РІРµСЂРёС€Р»Р° РїСЂРѕРІРµСЂРєСѓ
2016-12-17 16:35:45,784 [INFO ][main            ][             Service] - РџСЂРѕРіСЂР°РјРјР° Р·Р°РІРµСЂРёС€Р»Р° РїСЂРѕРІРµСЂРєСѓ
2016-12-17 16:36:21,293 [INFO ][main            ][             Service] - Программа заверишла проверку
2016-12-17 16:36:21,314 [WARN ][Thread-2        ][             Service] - Текст в C:\Main\Task\тест2.txt содержит не уникальные слова или не соответсвует принятому шаблону
2016-12-17 16:36:55,140 [INFO ][main            ][             Service] - Программа заверишла проверку
2016-12-17 16:36:55,172 [WARN ][Thread-3        ][             Service] - Текст в C:\Main\Task\тест3.txt содержит не уникальные слова или не соответсвует принятому шаблону
2016-12-17 16:37:12,546 [INFO ][main            ][             Service] - Программа заверишла проверку
2016-12-17 16:37:12,586 [WARN ][Thread-2        ][             Service] - Текст в C:\Main\Task\тест2.txt содержит не уникальные слова или не соответсвует принятому шаблону
2016-12-17 16:37:46,915 [INFO ][main            ][             Service] - Программа заверишла проверку
2016-12-17 16:37:46,938 [WARN ][Thread-2        ][             Service] - Текст в C:\Main\Task\тест2.txt содержит не уникальные слова или не соответсвует принятому шаблону
2016-12-17 16:38:15,771 [INFO ][main            ][             Service] - Программа заверишла проверку
2016-12-17 16:38:17,652 [WARN ][Thread-0        ][             Service] - Текст в https://yandex.ru/maps/ содержит не уникальные слова или не соответсвует принятому шаблону
2016-12-19 10:58:02,097 [INFO ][main            ][             Service] - Программа заверишла проверку
2016-12-19 10:59:10,415 [INFO ][main            ][             Service] - Программа заверишла проверку
2016-12-19 10:59:13,737 [WARN ][Thread-0        ][             Service] - Текст в https://yandex.ru/maps/?ncrnd=3340 содержит не уникальные слова или не соответсвует принятому шаблону
2016-12-26 11:24:33,849 [WARN ][main            ][beans.factory.annotation.AutowiredAnnotationBeanPostProcessor] - Autowired annotation is not supported on static fields: static v2.version2.Service v2.version2.Main.service
2016-12-26 11:24:33,937 [WARN ][main            ][context.support.ClassPathXmlApplicationContext] - Exception encountered during context initialization - cancelling refresh attempt: org.springframework.beans.factory.UnsatisfiedDependencyException: Error creating bean with name 'parseFile': Unsatisfied dependency expressed through field 'parser'; nested exception is org.springframework.beans.factory.UnsatisfiedDependencyException: Error creating bean with name 'parser' defined in file [C:\Users\innopolis\IdeaProjects\ru.innopolis.uni.course3.task.v2\build\classes\main\v2\version2\Parser.class]: Unsatisfied dependency expressed through constructor parameter 0; nested exception is org.springframework.beans.factory.NoSuchBeanDefinitionException: No qualifying bean found for dependency [java.lang.String]: expected at least 1 bean which qualifies as autowire candidate. Dependency annotations: {}
2016-12-26 11:25:15,835 [WARN ][main            ][context.support.ClassPathXmlApplicationContext] - Exception encountered during context initialization - cancelling refresh attempt: org.springframework.beans.factory.UnsatisfiedDependencyException: Error creating bean with name 'parseFile': Unsatisfied dependency expressed through field 'parser'; nested exception is org.springframework.beans.factory.UnsatisfiedDependencyException: Error creating bean with name 'parser' defined in file [C:\Users\innopolis\IdeaProjects\ru.innopolis.uni.course3.task.v2\build\classes\main\v2\version2\Parser.class]: Unsatisfied dependency expressed through constructor parameter 0; nested exception is org.springframework.beans.factory.NoSuchBeanDefinitionException: No qualifying bean found for dependency [java.lang.String]: expected at least 1 bean which qualifies as autowire candidate. Dependency annotations: {}
2016-12-26 11:28:37,771 [WARN ][main            ][context.support.ClassPathXmlApplicationContext] - Exception encountered during context initialization - cancelling refresh attempt: org.springframework.beans.factory.UnsatisfiedDependencyException: Error creating bean with name 'parseFile': Unsatisfied dependency expressed through field 'parser'; nested exception is org.springframework.beans.factory.UnsatisfiedDependencyException: Error creating bean with name 'parser' defined in file [C:\Users\innopolis\IdeaProjects\ru.innopolis.uni.course3.task.v2\build\classes\main\v2\version2\Parser.class]: Unsatisfied dependency expressed through constructor parameter 0; nested exception is org.springframework.beans.factory.NoSuchBeanDefinitionException: No qualifying bean found for dependency [java.lang.String]: expected at least 1 bean which qualifies as autowire candidate. Dependency annotations: {}
2016-12-26 11:32:17,846 [INFO ][main            ][             Service] - Программа заверишла проверку
2016-12-26 11:32:44,131 [INFO ][main            ][             Service] - Программа заверишла проверку
2016-12-26 11:51:10,163 [WARN ][main            ][context.support.ClassPathXmlApplicationContext] - Exception encountered during context initialization - cancelling refresh attempt: org.springframework.beans.factory.UnsatisfiedDependencyException: Error creating bean with name 'parseFile' defined in file [C:\Users\innopolis\IdeaProjects\ru.innopolis.uni.course3.task.v2\build\classes\main\v2\version2\ParseFile.class]: Unsatisfied dependency expressed through constructor parameter 0; nested exception is org.springframework.beans.factory.NoSuchBeanDefinitionException: No qualifying bean found for dependency [java.lang.String]: expected at least 1 bean which qualifies as autowire candidate. Dependency annotations: {}
2016-12-26 11:54:48,908 [WARN ][Thread-0        ][             Service] - Текст в C:\Main\Task\тест2.txt содержит не уникальные слова или не соответсвует принятому шаблону
